<?xml version="1.0" encoding="UTF-8"?>
<testsuite name="com.jnu.ticketinfrastructure.TicketInfrastructureApplicationTests" tests="1" skipped="0" failures="0" errors="0" timestamp="2023-11-16T09:47:25" hostname="MacPro.local" time="0.286">
  <properties/>
  <testcase name="contextLoads()" classname="com.jnu.ticketinfrastructure.TicketInfrastructureApplicationTests" time="0.286"/>
  <system-out><![CDATA[18:47:22.930 [Test worker] DEBUG org.springframework.test.context.BootstrapUtils - Instantiating CacheAwareContextLoaderDelegate from class [org.springframework.test.context.cache.DefaultCacheAwareContextLoaderDelegate]
18:47:22.941 [Test worker] DEBUG org.springframework.test.context.BootstrapUtils - Instantiating BootstrapContext using constructor [public org.springframework.test.context.support.DefaultBootstrapContext(java.lang.Class,org.springframework.test.context.CacheAwareContextLoaderDelegate)]
18:47:22.973 [Test worker] DEBUG org.springframework.test.context.BootstrapUtils - Instantiating TestContextBootstrapper for test class [com.jnu.ticketinfrastructure.TicketInfrastructureApplicationTests] from class [org.springframework.boot.test.context.SpringBootTestContextBootstrapper]
18:47:22.980 [Test worker] INFO org.springframework.boot.test.context.SpringBootTestContextBootstrapper - Neither @ContextConfiguration nor @ContextHierarchy found for test class [com.jnu.ticketinfrastructure.TicketInfrastructureApplicationTests], using SpringBootContextLoader
18:47:22.984 [Test worker] DEBUG org.springframework.test.context.support.AbstractContextLoader - Did not detect default resource location for test class [com.jnu.ticketinfrastructure.TicketInfrastructureApplicationTests]: class path resource [com/jnu/ticketinfrastructure/TicketInfrastructureApplicationTests-context.xml] does not exist
18:47:22.985 [Test worker] DEBUG org.springframework.test.context.support.AbstractContextLoader - Did not detect default resource location for test class [com.jnu.ticketinfrastructure.TicketInfrastructureApplicationTests]: class path resource [com/jnu/ticketinfrastructure/TicketInfrastructureApplicationTestsContext.groovy] does not exist
18:47:22.985 [Test worker] INFO org.springframework.test.context.support.AbstractContextLoader - Could not detect default resource locations for test class [com.jnu.ticketinfrastructure.TicketInfrastructureApplicationTests]: no resource found for suffixes {-context.xml, Context.groovy}.
18:47:22.985 [Test worker] INFO org.springframework.test.context.support.AnnotationConfigContextLoaderUtils - Could not detect default configuration classes for test class [com.jnu.ticketinfrastructure.TicketInfrastructureApplicationTests]: TicketInfrastructureApplicationTests does not declare any static, non-private, non-final, nested classes annotated with @Configuration.
18:47:23.018 [Test worker] DEBUG org.springframework.test.context.support.ActiveProfilesUtils - Could not find an 'annotation declaring class' for annotation type [org.springframework.test.context.ActiveProfiles] and class [com.jnu.ticketinfrastructure.TicketInfrastructureApplicationTests]
18:47:23.068 [Test worker] DEBUG org.springframework.context.annotation.ClassPathScanningCandidateComponentProvider - Identified candidate component class: file [/Users/jinhyuk/Parking-Ticket-BE2/Ticket-Infrastructure/build/classes/java/main/com/jnu/ticketinfrastructure/TicketInfrastructureApplication.class]
18:47:23.069 [Test worker] INFO org.springframework.boot.test.context.SpringBootTestContextBootstrapper - Found @SpringBootConfiguration com.jnu.ticketinfrastructure.TicketInfrastructureApplication for test class com.jnu.ticketinfrastructure.TicketInfrastructureApplicationTests
18:47:23.165 [Test worker] DEBUG org.springframework.boot.test.context.SpringBootTestContextBootstrapper - @TestExecutionListeners is not present for class [com.jnu.ticketinfrastructure.TicketInfrastructureApplicationTests]: using defaults.
18:47:23.165 [Test worker] INFO org.springframework.boot.test.context.SpringBootTestContextBootstrapper - Loaded default TestExecutionListener class names from location [META-INF/spring.factories]: [org.springframework.cloud.contract.stubrunner.provider.wiremock.StubRunnerWireMockTestExecutionListener, org.springframework.cloud.contract.wiremock.WireMockTestExecutionListener, org.springframework.boot.test.autoconfigure.restdocs.RestDocsTestExecutionListener, org.springframework.boot.test.autoconfigure.web.client.MockRestServiceServerResetTestExecutionListener, org.springframework.boot.test.autoconfigure.web.servlet.MockMvcPrintOnlyOnFailureTestExecutionListener, org.springframework.boot.test.autoconfigure.web.servlet.WebDriverTestExecutionListener, org.springframework.boot.test.autoconfigure.webservices.client.MockWebServiceServerTestExecutionListener, org.springframework.boot.test.mock.mockito.MockitoTestExecutionListener, org.springframework.boot.test.mock.mockito.ResetMocksTestExecutionListener, org.springframework.test.context.web.ServletTestExecutionListener, org.springframework.test.context.support.DirtiesContextBeforeModesTestExecutionListener, org.springframework.test.context.event.ApplicationEventsTestExecutionListener, org.springframework.test.context.support.DependencyInjectionTestExecutionListener, org.springframework.test.context.support.DirtiesContextTestExecutionListener, org.springframework.test.context.transaction.TransactionalTestExecutionListener, org.springframework.test.context.jdbc.SqlScriptsTestExecutionListener, org.springframework.test.context.event.EventPublishingTestExecutionListener]
18:47:23.174 [Test worker] DEBUG org.springframework.boot.test.context.SpringBootTestContextBootstrapper - Skipping candidate TestExecutionListener [org.springframework.test.context.web.ServletTestExecutionListener] due to a missing dependency. Specify custom listener classes or make the default listener classes and their required dependencies available. Offending class: [javax/servlet/ServletContext]
18:47:23.179 [Test worker] INFO org.springframework.boot.test.context.SpringBootTestContextBootstrapper - Using TestExecutionListeners: [org.springframework.test.context.support.DirtiesContextBeforeModesTestExecutionListener@4b0bd001, org.springframework.test.context.event.ApplicationEventsTestExecutionListener@f9cab00, org.springframework.boot.test.mock.mockito.MockitoTestExecutionListener@10272bbb, org.springframework.boot.test.autoconfigure.SpringBootDependencyInjectionTestExecutionListener@36d33f4, org.springframework.test.context.support.DirtiesContextTestExecutionListener@16736040, org.springframework.test.context.transaction.TransactionalTestExecutionListener@7c5d1d25, org.springframework.test.context.jdbc.SqlScriptsTestExecutionListener@550e9be6, org.springframework.test.context.event.EventPublishingTestExecutionListener@3f96f020, org.springframework.boot.test.autoconfigure.restdocs.RestDocsTestExecutionListener@32eae6f2, org.springframework.boot.test.autoconfigure.web.client.MockRestServiceServerResetTestExecutionListener@26ca61bf, org.springframework.boot.test.autoconfigure.web.servlet.MockMvcPrintOnlyOnFailureTestExecutionListener@73a0f2b, org.springframework.boot.test.autoconfigure.web.servlet.WebDriverTestExecutionListener@fa5f81c, org.springframework.boot.test.autoconfigure.webservices.client.MockWebServiceServerTestExecutionListener@6a1d526c, org.springframework.boot.test.mock.mockito.ResetMocksTestExecutionListener@1f2f0109, org.springframework.cloud.contract.stubrunner.provider.wiremock.StubRunnerWireMockTestExecutionListener@483b0690, org.springframework.cloud.contract.wiremock.WireMockTestExecutionListener@687e6293]
18:47:23.182 [Test worker] DEBUG org.springframework.test.context.support.AbstractDirtiesContextTestExecutionListener - Before test class: context [DefaultTestContext@759de304 testClass = TicketInfrastructureApplicationTests, testInstance = [null], testMethod = [null], testException = [null], mergedContextConfiguration = [MergedContextConfiguration@5649d11a testClass = TicketInfrastructureApplicationTests, locations = '{}', classes = '{class com.jnu.ticketinfrastructure.TicketInfrastructureApplication}', contextInitializerClasses = '[]', activeProfiles = '{}', propertySourceLocations = '{}', propertySourceProperties = '{org.springframework.boot.test.context.SpringBootTestContextBootstrapper=true}', contextCustomizers = set[org.springframework.boot.test.autoconfigure.actuate.metrics.MetricsExportContextCustomizerFactory$DisableMetricExportContextCustomizer@61e7bf2f, org.springframework.boot.test.autoconfigure.properties.PropertyMappingContextCustomizer@0, org.springframework.boot.test.autoconfigure.web.servlet.WebDriverContextCustomizerFactory$Customizer@43da41e, org.springframework.boot.test.context.filter.ExcludeFilterContextCustomizer@211febf3, org.springframework.boot.test.json.DuplicateJsonObjectContextCustomizerFactory$DuplicateJsonObjectContextCustomizer@2e5ee2c9, org.springframework.boot.test.mock.mockito.MockitoContextCustomizer@0, org.springframework.boot.test.web.client.TestRestTemplateContextCustomizer@57a2ed35, org.springframework.boot.test.context.SpringBootTestArgs@1, org.springframework.boot.test.context.SpringBootTestWebEnvironment@21d8bcbe], contextLoader = 'org.springframework.boot.test.context.SpringBootContextLoader', parent = [null]], attributes = map[[empty]]], class annotated with @DirtiesContext [false] with mode [null].

  .   ____          _            __ _ _
 /\\ / ___'_ __ _ _(_)_ __  __ _ \ \ \ \
( ( )\___ | '_ | '_| | '_ \/ _` | \ \ \ \
 \\/  ___)| |_)| | | | | || (_| |  ) ) ) )
  '  |____| .__|_| |_|_| |_\__, | / / / /
 =========|_|==============|___/=/_/_/_/
 :: Spring Boot ::                (v2.7.7)

2023-11-16 18:47:23.470  INFO 19086 --- [    Test worker] j.t.TicketInfrastructureApplicationTests : Starting TicketInfrastructureApplicationTests using Java 17.0.7 on MacPro.local with PID 19086 (started by jinhyuk in /Users/jinhyuk/Parking-Ticket-BE2/Ticket-Infrastructure)
2023-11-16 18:47:23.471  INFO 19086 --- [    Test worker] j.t.TicketInfrastructureApplicationTests : No active profile set, falling back to 1 default profile: "default"
2023-11-16 18:47:24.055  INFO 19086 --- [    Test worker] .s.d.r.c.RepositoryConfigurationDelegate : Multiple Spring Data modules found, entering strict repository configuration mode
2023-11-16 18:47:24.057  INFO 19086 --- [    Test worker] .s.d.r.c.RepositoryConfigurationDelegate : Bootstrapping Spring Data Redis repositories in DEFAULT mode.
2023-11-16 18:47:24.074  INFO 19086 --- [    Test worker] .s.d.r.c.RepositoryConfigurationDelegate : Finished Spring Data repository scanning in 3 ms. Found 0 Redis repository interfaces.
2023-11-16 18:47:24.215  INFO 19086 --- [    Test worker] o.s.cloud.context.scope.GenericScope     : BeanFactory id=e2338c3f-46d1-3e6c-bb97-83a614a0c20b
2023-11-16 18:47:24.419  WARN 19086 --- [    Test worker] i.n.r.d.DnsServerAddressStreamProviders  : Can not find io.netty.resolver.dns.macos.MacOSDnsServerAddressStreamProvider in the classpath, fallback to system defaults. This may result in incorrect DNS resolutions on MacOS. Check whether you have a dependency on 'io.netty:netty-resolver-dns-native-macos'
2023-11-16 18:47:24.988  WARN 19086 --- [    Test worker] ion$DefaultTemplateResolverConfiguration : Cannot find template location: classpath:/templates/ (please add some templates, check your Thymeleaf configuration, or set spring.thymeleaf.check-template-location=false)
2023-11-16 18:47:25.335  INFO 19086 --- [    Test worker] j.t.TicketInfrastructureApplicationTests : Started TicketInfrastructureApplicationTests in 2.11 seconds (JVM running for 3.077)
]]></system-out>
  <system-err><![CDATA[]]></system-err>
</testsuite>
